
*** Running vivado
    with args -log Top_module.vds -m64 -product Vivado -mode batch -messageDb vivado.pb -notrace -source Top_module.tcl



****** Vivado v2022.2.2 (64-bit)
  **** SW Build 3788238 on Tue Feb 21 20:00:34 MST 2023
  **** IP Build 3783773 on Tue Feb 21 23:41:56 MST 2023
    ** Copyright 1986-2023 Xilinx, Inc. All Rights Reserved.

source Top_module.tcl -notrace
create_project: Time (s): cpu = 00:00:02 ; elapsed = 00:00:05 . Memory (MB): peak = 383.562 ; gain = 64.488
Command: read_checkpoint -auto_incremental -incremental D:/HardwareLab/project_7/project_7/project_7.srcs/utils_1/imports/synth_1/Top_module.dcp
INFO: [Vivado 12-5825] Read reference checkpoint from D:/HardwareLab/project_7/project_7/project_7.srcs/utils_1/imports/synth_1/Top_module.dcp for incremental synthesis
INFO: [Vivado 12-7989] Please ensure there are no constraint changes
Command: synth_design -top Top_module -part xc7a100tcsg324-1
Starting synth_design
Attempting to get a license for feature 'Synthesis' and/or device 'xc7a100t'
INFO: [Common 17-349] Got license for feature 'Synthesis' and/or device 'xc7a100t'
WARNING: [Vivado_Tcl 4-1809] The reference checkpoint is from an old version of Vivado; A full resynthesis flow will be run
INFO: [Device 21-403] Loading part xc7a100tcsg324-1
INFO: [Designutils 20-5440] No compile time benefit to using incremental synthesis; A full resynthesis will be run
INFO: [Designutils 20-4379] Flow is switching to default flow due to incremental criteria not met. If you would like to alter this behaviour and have the flow terminate instead, please set the following parameter config_implementation {autoIncr.Synth.RejectBehavior Terminate}
INFO: [Synth 8-7079] Multithreading enabled for synth_design using a maximum of 2 processes.
INFO: [Synth 8-7078] Launching helper process for spawning children vivado processes
INFO: [Synth 8-7075] Helper process launched with PID 25252
INFO: [Synth 8-11241] undeclared symbol 'REGCCE', assumed default net type 'wire' [D:/Xilinx/Vivado/2022.2/data/verilog/src/unimacro/BRAM_SINGLE_MACRO.v:2170]
INFO: [Synth 8-11241] undeclared symbol 'Tx_debug', assumed default net type 'wire' [D:/HardwareLab/project_7/project_7/project_7.srcs/sources_1/new/top_module.v:33]
INFO: [Synth 8-11241] undeclared symbol 'reset', assumed default net type 'wire' [D:/HardwareLab/project_7/project_7/project_7.srcs/sources_1/new/top_module.v:38]
---------------------------------------------------------------------------------
Starting RTL Elaboration : Time (s): cpu = 00:00:03 ; elapsed = 00:00:06 . Memory (MB): peak = 1213.988 ; gain = 410.742
---------------------------------------------------------------------------------
INFO: [Synth 8-6157] synthesizing module 'Top_module' [D:/HardwareLab/project_7/project_7/project_7.srcs/sources_1/new/top_module.v:21]
INFO: [Synth 8-6157] synthesizing module 'transmitter' [D:/HardwareLab/project_7/project_7/project_7.srcs/sources_1/new/transmit.v:22]
WARNING: [Synth 8-311] ignoring non-constant assignment in initial block [D:/HardwareLab/project_7/project_7/project_7.srcs/sources_1/new/transmit.v:40]
WARNING: [Synth 8-6090] variable 'bit_counter' is written by both blocking and non-blocking assignments, entire logic could be removed [D:/HardwareLab/project_7/project_7/project_7.srcs/sources_1/new/transmit.v:63]
INFO: [Synth 8-226] default block is never used [D:/HardwareLab/project_7/project_7/project_7.srcs/sources_1/new/transmit.v:77]
INFO: [Synth 8-6155] done synthesizing module 'transmitter' (0#1) [D:/HardwareLab/project_7/project_7/project_7.srcs/sources_1/new/transmit.v:22]
INFO: [Synth 8-6155] done synthesizing module 'Top_module' (0#1) [D:/HardwareLab/project_7/project_7/project_7.srcs/sources_1/new/top_module.v:21]
WARNING: [Synth 8-6014] Unused sequential element cpy_reg was removed.  [D:/HardwareLab/project_7/project_7/project_7.srcs/sources_1/new/transmit.v:98]
WARNING: [Synth 8-3848] Net TxD_debug in module/entity Top_module does not have driver. [D:/HardwareLab/project_7/project_7/project_7.srcs/sources_1/new/top_module.v:26]
WARNING: [Synth 8-3848] Net reset in module/entity Top_module does not have driver. [D:/HardwareLab/project_7/project_7/project_7.srcs/sources_1/new/top_module.v:38]
WARNING: [Synth 8-7129] Port TxD_debug in module Top_module is either unconnected or has no load
---------------------------------------------------------------------------------
Finished RTL Elaboration : Time (s): cpu = 00:00:04 ; elapsed = 00:00:08 . Memory (MB): peak = 1302.648 ; gain = 499.402
---------------------------------------------------------------------------------
---------------------------------------------------------------------------------
Start Handling Custom Attributes
---------------------------------------------------------------------------------
---------------------------------------------------------------------------------
Finished Handling Custom Attributes : Time (s): cpu = 00:00:04 ; elapsed = 00:00:08 . Memory (MB): peak = 1302.648 ; gain = 499.402
---------------------------------------------------------------------------------
---------------------------------------------------------------------------------
Finished RTL Optimization Phase 1 : Time (s): cpu = 00:00:04 ; elapsed = 00:00:08 . Memory (MB): peak = 1302.648 ; gain = 499.402
---------------------------------------------------------------------------------
Netlist sorting complete. Time (s): cpu = 00:00:00 ; elapsed = 00:00:00.001 . Memory (MB): peak = 1302.648 ; gain = 0.000
INFO: [Project 1-570] Preparing netlist for logic optimization

Processing XDC Constraints
Initializing timing engine
Parsing XDC File [D:/HardwareLab/project_7/project_7/project_7.srcs/constrs_1/new/pr.xdc]
WARNING: [Vivado 12-584] No ports matched 'btn'. [D:/HardwareLab/project_7/project_7/project_7.srcs/constrs_1/new/pr.xdc:9]
CRITICAL WARNING: [Common 17-55] 'set_property' expects at least one object. [D:/HardwareLab/project_7/project_7/project_7.srcs/constrs_1/new/pr.xdc:9]
Resolution: If [get_<value>] was used to populate the object, check to make sure this command returns at least one valid object.
WARNING: [Vivado 12-584] No ports matched 'transmit'. [D:/HardwareLab/project_7/project_7/project_7.srcs/constrs_1/new/pr.xdc:13]
CRITICAL WARNING: [Common 17-55] 'set_property' expects at least one object. [D:/HardwareLab/project_7/project_7/project_7.srcs/constrs_1/new/pr.xdc:13]
Resolution: If [get_<value>] was used to populate the object, check to make sure this command returns at least one valid object.
WARNING: [Vivado 12-584] No ports matched 'transmit'. [D:/HardwareLab/project_7/project_7/project_7.srcs/constrs_1/new/pr.xdc:26]
CRITICAL WARNING: [Common 17-55] 'set_property' expects at least one object. [D:/HardwareLab/project_7/project_7/project_7.srcs/constrs_1/new/pr.xdc:26]
Resolution: If [get_<value>] was used to populate the object, check to make sure this command returns at least one valid object.
WARNING: [Vivado 12-584] No ports matched 'btn'. [D:/HardwareLab/project_7/project_7/project_7.srcs/constrs_1/new/pr.xdc:29]
CRITICAL WARNING: [Common 17-55] 'set_property' expects at least one object. [D:/HardwareLab/project_7/project_7/project_7.srcs/constrs_1/new/pr.xdc:29]
Resolution: If [get_<value>] was used to populate the object, check to make sure this command returns at least one valid object.
WARNING: [Vivado 12-584] No ports matched 'btn'. [D:/HardwareLab/project_7/project_7/project_7.srcs/constrs_1/new/pr.xdc:45]
CRITICAL WARNING: [Common 17-55] 'set_property' expects at least one object. [D:/HardwareLab/project_7/project_7/project_7.srcs/constrs_1/new/pr.xdc:45]
Resolution: If [get_<value>] was used to populate the object, check to make sure this command returns at least one valid object.
WARNING: [Vivado 12-584] No ports matched 'transmit'. [D:/HardwareLab/project_7/project_7/project_7.srcs/constrs_1/new/pr.xdc:49]
CRITICAL WARNING: [Common 17-55] 'set_property' expects at least one object. [D:/HardwareLab/project_7/project_7/project_7.srcs/constrs_1/new/pr.xdc:49]
Resolution: If [get_<value>] was used to populate the object, check to make sure this command returns at least one valid object.
WARNING: [Vivado 12-584] No ports matched 'transmit'. [D:/HardwareLab/project_7/project_7/project_7.srcs/constrs_1/new/pr.xdc:62]
CRITICAL WARNING: [Common 17-55] 'set_property' expects at least one object. [D:/HardwareLab/project_7/project_7/project_7.srcs/constrs_1/new/pr.xdc:62]
Resolution: If [get_<value>] was used to populate the object, check to make sure this command returns at least one valid object.
WARNING: [Constraints 18-619] A clock with name 'clk' already exists, overwriting the previous clock with the same name. [D:/HardwareLab/project_7/project_7/project_7.srcs/constrs_1/new/pr.xdc:64]
WARNING: [Vivado 12-584] No ports matched 'btn'. [D:/HardwareLab/project_7/project_7/project_7.srcs/constrs_1/new/pr.xdc:65]
CRITICAL WARNING: [Common 17-55] 'set_property' expects at least one object. [D:/HardwareLab/project_7/project_7/project_7.srcs/constrs_1/new/pr.xdc:65]
Resolution: If [get_<value>] was used to populate the object, check to make sure this command returns at least one valid object.
Finished Parsing XDC File [D:/HardwareLab/project_7/project_7/project_7.srcs/constrs_1/new/pr.xdc]
INFO: [Project 1-236] Implementation specific constraints were found while reading constraint file [D:/HardwareLab/project_7/project_7/project_7.srcs/constrs_1/new/pr.xdc]. These constraints will be ignored for synthesis but will be used in implementation. Impacted constraints are listed in the file [.Xil/Top_module_propImpl.xdc].
Resolution: To avoid this warning, move constraints listed in [.Xil/Top_module_propImpl.xdc] to another XDC file and exclude this new file from synthesis with the used_in_synthesis property (File Properties dialog in GUI) and re-run elaboration/synthesis.
Completed Processing XDC Constraints

Netlist sorting complete. Time (s): cpu = 00:00:00 ; elapsed = 00:00:00 . Memory (MB): peak = 1356.566 ; gain = 0.000
INFO: [Project 1-111] Unisim Transformation Summary:
No Unisim elements were transformed.

Constraint Validation Runtime : Time (s): cpu = 00:00:00 ; elapsed = 00:00:00.002 . Memory (MB): peak = 1356.566 ; gain = 0.000
INFO: [Designutils 20-5440] No compile time benefit to using incremental synthesis; A full resynthesis will be run
INFO: [Designutils 20-4379] Flow is switching to default flow due to incremental criteria not met. If you would like to alter this behaviour and have the flow terminate instead, please set the following parameter config_implementation {autoIncr.Synth.RejectBehavior Terminate}
INFO: [Synth 8-11241] undeclared symbol 'REGCCE', assumed default net type 'wire' [D:/Xilinx/Vivado/2022.2/data/verilog/src/unimacro/BRAM_SINGLE_MACRO.v:2170]
---------------------------------------------------------------------------------
Finished Constraint Validation : Time (s): cpu = 00:00:09 ; elapsed = 00:00:23 . Memory (MB): peak = 1356.566 ; gain = 553.320
---------------------------------------------------------------------------------
---------------------------------------------------------------------------------
Start Loading Part and Timing Information
---------------------------------------------------------------------------------
Loading part: xc7a100tcsg324-1
---------------------------------------------------------------------------------
Finished Loading Part and Timing Information : Time (s): cpu = 00:00:09 ; elapsed = 00:00:23 . Memory (MB): peak = 1356.566 ; gain = 553.320
---------------------------------------------------------------------------------
---------------------------------------------------------------------------------
Start Applying 'set_property' XDC Constraints
---------------------------------------------------------------------------------
---------------------------------------------------------------------------------
Finished applying 'set_property' XDC Constraints : Time (s): cpu = 00:00:09 ; elapsed = 00:00:23 . Memory (MB): peak = 1356.566 ; gain = 553.320
---------------------------------------------------------------------------------
---------------------------------------------------------------------------------
Finished RTL Optimization Phase 2 : Time (s): cpu = 00:00:10 ; elapsed = 00:00:24 . Memory (MB): peak = 1356.566 ; gain = 553.320
---------------------------------------------------------------------------------
---------------------------------------------------------------------------------
Start RTL Component Statistics 
---------------------------------------------------------------------------------
Detailed RTL Component Info : 
+---Adders : 
	   2 Input    4 Bit       Adders := 1     
+---Registers : 
	               10 Bit    Registers := 1     
	                4 Bit    Registers := 1     
	                1 Bit    Registers := 6     
+---Muxes : 
	   2 Input   10 Bit        Muxes := 1     
	   2 Input    1 Bit        Muxes := 8     
---------------------------------------------------------------------------------
Finished RTL Component Statistics 
---------------------------------------------------------------------------------
---------------------------------------------------------------------------------
Start Part Resource Summary
---------------------------------------------------------------------------------
Part Resources:
DSPs: 240 (col length:80)
BRAMs: 270 (col length: RAMB18 80 RAMB36 40)
---------------------------------------------------------------------------------
Finished Part Resource Summary
---------------------------------------------------------------------------------
---------------------------------------------------------------------------------
Start Cross Boundary and Area Optimization
---------------------------------------------------------------------------------
WARNING: [Synth 8-7080] Parallel synthesis criteria is not met
WARNING: [Synth 8-7129] Port TxD_debug in module Top_module is either unconnected or has no load
---------------------------------------------------------------------------------
Finished Cross Boundary and Area Optimization : Time (s): cpu = 00:00:12 ; elapsed = 00:00:29 . Memory (MB): peak = 1356.566 ; gain = 553.320
---------------------------------------------------------------------------------
---------------------------------------------------------------------------------
Start Applying XDC Timing Constraints
---------------------------------------------------------------------------------
WARNING: [Synth 8-565] redefining clock 'clk'
---------------------------------------------------------------------------------
Finished Applying XDC Timing Constraints : Time (s): cpu = 00:00:18 ; elapsed = 00:00:43 . Memory (MB): peak = 1356.566 ; gain = 553.320
---------------------------------------------------------------------------------
---------------------------------------------------------------------------------
Start Timing Optimization
---------------------------------------------------------------------------------
---------------------------------------------------------------------------------
Finished Timing Optimization : Time (s): cpu = 00:00:18 ; elapsed = 00:00:43 . Memory (MB): peak = 1356.566 ; gain = 553.320
---------------------------------------------------------------------------------
---------------------------------------------------------------------------------
Start Technology Mapping
---------------------------------------------------------------------------------
---------------------------------------------------------------------------------
Finished Technology Mapping : Time (s): cpu = 00:00:18 ; elapsed = 00:00:44 . Memory (MB): peak = 1356.566 ; gain = 553.320
---------------------------------------------------------------------------------
---------------------------------------------------------------------------------
Start IO Insertion
---------------------------------------------------------------------------------
---------------------------------------------------------------------------------
Start Flattening Before IO Insertion
---------------------------------------------------------------------------------
---------------------------------------------------------------------------------
Finished Flattening Before IO Insertion
---------------------------------------------------------------------------------
---------------------------------------------------------------------------------
Start Final Netlist Cleanup
---------------------------------------------------------------------------------
---------------------------------------------------------------------------------
Finished Final Netlist Cleanup
---------------------------------------------------------------------------------
---------------------------------------------------------------------------------
Finished IO Insertion : Time (s): cpu = 00:00:22 ; elapsed = 00:00:55 . Memory (MB): peak = 1356.566 ; gain = 553.320
---------------------------------------------------------------------------------
---------------------------------------------------------------------------------
Start Renaming Generated Instances
---------------------------------------------------------------------------------
---------------------------------------------------------------------------------
Finished Renaming Generated Instances : Time (s): cpu = 00:00:22 ; elapsed = 00:00:55 . Memory (MB): peak = 1356.566 ; gain = 553.320
---------------------------------------------------------------------------------
---------------------------------------------------------------------------------
Start Rebuilding User Hierarchy
---------------------------------------------------------------------------------
---------------------------------------------------------------------------------
Finished Rebuilding User Hierarchy : Time (s): cpu = 00:00:22 ; elapsed = 00:00:55 . Memory (MB): peak = 1356.566 ; gain = 553.320
---------------------------------------------------------------------------------
---------------------------------------------------------------------------------
Start Renaming Generated Ports
---------------------------------------------------------------------------------
---------------------------------------------------------------------------------
Finished Renaming Generated Ports : Time (s): cpu = 00:00:22 ; elapsed = 00:00:55 . Memory (MB): peak = 1356.566 ; gain = 553.320
---------------------------------------------------------------------------------
---------------------------------------------------------------------------------
Start Handling Custom Attributes
---------------------------------------------------------------------------------
---------------------------------------------------------------------------------
Finished Handling Custom Attributes : Time (s): cpu = 00:00:22 ; elapsed = 00:00:55 . Memory (MB): peak = 1356.566 ; gain = 553.320
---------------------------------------------------------------------------------
---------------------------------------------------------------------------------
Start Renaming Generated Nets
---------------------------------------------------------------------------------
---------------------------------------------------------------------------------
Finished Renaming Generated Nets : Time (s): cpu = 00:00:22 ; elapsed = 00:00:55 . Memory (MB): peak = 1356.566 ; gain = 553.320
---------------------------------------------------------------------------------
---------------------------------------------------------------------------------
Start Writing Synthesis Report
---------------------------------------------------------------------------------

Report BlackBoxes: 
+-+--------------+----------+
| |BlackBox name |Instances |
+-+--------------+----------+
+-+--------------+----------+

Report Cell Usage: 
+------+-------+------+
|      |Cell   |Count |
+------+-------+------+
|1     |BUFG   |     1|
|2     |CARRY4 |     4|
|3     |LUT1   |     3|
|4     |LUT2   |     3|
|5     |LUT3   |     9|
|6     |LUT4   |     5|
|7     |LUT5   |     5|
|8     |LUT6   |     3|
|9     |FDRE   |    33|
|10    |FDSE   |     1|
|11    |IBUF   |    10|
|12    |OBUF   |     4|
|13    |OBUFT  |     1|
+------+-------+------+
---------------------------------------------------------------------------------
Finished Writing Synthesis Report : Time (s): cpu = 00:00:22 ; elapsed = 00:00:55 . Memory (MB): peak = 1356.566 ; gain = 553.320
---------------------------------------------------------------------------------
Synthesis finished with 0 errors, 0 critical warnings and 3 warnings.
Synthesis Optimization Runtime : Time (s): cpu = 00:00:18 ; elapsed = 00:00:53 . Memory (MB): peak = 1356.566 ; gain = 499.402
Synthesis Optimization Complete : Time (s): cpu = 00:00:22 ; elapsed = 00:00:55 . Memory (MB): peak = 1356.566 ; gain = 553.320
INFO: [Project 1-571] Translating synthesized netlist
Netlist sorting complete. Time (s): cpu = 00:00:00 ; elapsed = 00:00:00.001 . Memory (MB): peak = 1356.566 ; gain = 0.000
INFO: [Netlist 29-17] Analyzing 4 Unisim elements for replacement
INFO: [Netlist 29-28] Unisim Transformation completed in 0 CPU seconds
INFO: [Project 1-570] Preparing netlist for logic optimization
INFO: [Opt 31-138] Pushed 0 inverter(s) to 0 load pin(s).
Netlist sorting complete. Time (s): cpu = 00:00:00 ; elapsed = 00:00:00 . Memory (MB): peak = 1356.566 ; gain = 0.000
INFO: [Project 1-111] Unisim Transformation Summary:
No Unisim elements were transformed.

Synth Design complete, checksum: ee2e00e6
INFO: [Common 17-83] Releasing license: Synthesis
30 Infos, 19 Warnings, 8 Critical Warnings and 0 Errors encountered.
synth_design completed successfully
synth_design: Time (s): cpu = 00:00:24 ; elapsed = 00:01:00 . Memory (MB): peak = 1356.566 ; gain = 948.145
INFO: [runtcl-6] Synthesis results are not added to the cache due to CRITICAL_WARNING
INFO: [Common 17-1381] The checkpoint 'D:/HardwareLab/project_7/project_7/project_7.runs/synth_1/Top_module.dcp' has been generated.
INFO: [runtcl-4] Executing : report_utilization -file Top_module_utilization_synth.rpt -pb Top_module_utilization_synth.pb
INFO: [Common 17-206] Exiting Vivado at Tue Mar 28 14:54:04 2023...
